-------------------------------------------------------------------------------
Test set: com.examly.springapp.CricketerTest
-------------------------------------------------------------------------------
Tests run: 22, Failures: 1, Errors: 0, Skipped: 0, Time elapsed: 9.144 s <<< FAILURE! - in com.examly.springapp.CricketerTest
GetallPlayerWithTeam  Time elapsed: 0.032 s  <<< FAILURE!
java.lang.AssertionError: Status expected:<200> but was:<405>
	at com.examly.springapp.CricketerTest.GetallPlayerWithTeam(CricketerTest.java:182)

